
> tauri-app@0.1.0 dev
> vite


  VITE v7.3.1  ready in 254 ms

  ➜  Local:   http://localhost:1420/
4:21:54 PM [vite] (client) hmr update /src/App.tsx
4:25:23 PM [vite] (client) hmr update /src/App.tsx
6:01:55 PM [vite] (client) hmr update /src/App.tsx
6:01:59 PM [vite] (client) hmr update /src/App.tsx
6:02:17 PM [vite] (client) hmr update /src/App.tsx
6:13:13 PM [vite] (client) hmr update /src/App.tsx
6:13:32 PM [vite] (client) hmr update /src/App.tsx
6:13:37 PM [vite] (client) hmr update /src/App.tsx
6:13:58 PM [vite] (client) hmr update /src/App.tsx
6:14:07 PM [vite] (client) hmr update /src/App.tsx
6:14:13 PM [vite] (client) hmr update /src/App.tsx
6:14:26 PM [vite] (client) hmr update /src/App.tsx
6:14:36 PM [vite] (client) hmr update /src/App.tsx
7:23:59 PM [vite] (client) hmr update /src/App.tsx
7:24:03 PM [vite] (client) hmr update /src/components/Settings.tsx
7:25:35 PM [vite] (client) hmr update /src/App.tsx
7:25:40 PM [vite] (client) hmr update /src/App.tsx
7:25:45 PM [vite] (client) hmr update /src/App.tsx
7:25:59 PM [vite] (client) hmr update /src/App.tsx
7:26:04 PM [vite] (client) hmr update /src/App.tsx
7:26:11 PM [vite] (client) hmr update /src/App.tsx
7:26:24 PM [vite] (client) hmr update /src/App.tsx
7:26:30 PM [vite] (client) hmr update /src/App.tsx
7:26:35 PM [vite] (client) hmr update /src/App.tsx
7:26:40 PM [vite] (client) hmr update /src/App.tsx
7:26:49 PM [vite] (client) hmr update /src/App.tsx
